This is pdfTeX, Version 3.141592653-2.6-1.40.25 (TeX Live 2023) (preloaded format=pdflatex 2023.5.17)  19 OCT 2024 10:38
entering extended mode
 restricted \write18 enabled.
 file:line:error style messages enabled.
 %&-line parsing enabled.
**book-abstracts.tex
(./book-abstracts.tex
LaTeX2e <2022-11-01> patch level 1
L3 programming layer <2023-02-22>
(/usr/local/texlive/2023/texmf-dist/tex/latex/base/report.cls
Document Class: report 2022/07/02 v1.4n Standard LaTeX document class
(/usr/local/texlive/2023/texmf-dist/tex/latex/base/size11.clo
File: size11.clo 2022/07/02 v1.4n Standard LaTeX file (size option)
)
\c@part=\count185
\c@chapter=\count186
\c@section=\count187
\c@subsection=\count188
\c@subsubsection=\count189
\c@paragraph=\count190
\c@subparagraph=\count191
\c@figure=\count192
\c@table=\count193
\abovecaptionskip=\skip48
\belowcaptionskip=\skip49
\bibindent=\dimen140
)
(/usr/local/texlive/2023/texmf-dist/tex/latex/base/inputenc.sty
Package: inputenc 2021/02/14 v1.3d Input encoding file
\inpenc@prehook=\toks16
\inpenc@posthook=\toks17
)
(/usr/local/texlive/2023/texmf-dist/tex/latex/fancyhdr/fancyhdr.sty
Package: fancyhdr 2022/11/09 v4.1 Extensive control of page headers and footers

\f@nch@headwidth=\skip50
\f@nch@O@elh=\skip51
\f@nch@O@erh=\skip52
\f@nch@O@olh=\skip53
\f@nch@O@orh=\skip54
\f@nch@O@elf=\skip55
\f@nch@O@erf=\skip56
\f@nch@O@olf=\skip57
\f@nch@O@orf=\skip58
)
(/usr/local/texlive/2023/texmf-dist/tex/latex/graphics/color.sty
Package: color 2022/01/06 v1.3d Standard LaTeX Color (DPC)

(/usr/local/texlive/2023/texmf-dist/tex/latex/graphics-cfg/color.cfg
File: color.cfg 2016/01/02 v1.6 sample color configuration
)
Package color Info: Driver file: pdftex.def on input line 149.

(/usr/local/texlive/2023/texmf-dist/tex/latex/graphics-def/pdftex.def
File: pdftex.def 2022/09/22 v1.2b Graphics/color driver for pdftex
)
(/usr/local/texlive/2023/texmf-dist/tex/latex/graphics/mathcolor.ltx))
(/usr/local/texlive/2023/texmf-dist/tex/latex/amsfonts/amsfonts.sty
Package: amsfonts 2013/01/14 v3.01 Basic AMSFonts support
\@emptytoks=\toks18
\symAMSa=\mathgroup4
\symAMSb=\mathgroup5
LaTeX Font Info:    Redeclaring math symbol \hbar on input line 98.
LaTeX Font Info:    Overwriting math alphabet `\mathfrak' in version `bold'
(Font)                  U/euf/m/n --> U/euf/b/n on input line 106.
)
(/usr/local/texlive/2023/texmf-dist/tex/latex/amsmath/amsmath.sty
Package: amsmath 2022/04/08 v2.17n AMS math features
\@mathmargin=\skip59

For additional information on amsmath, use the `?' option.
(/usr/local/texlive/2023/texmf-dist/tex/latex/amsmath/amstext.sty
Package: amstext 2021/08/26 v2.01 AMS text

(/usr/local/texlive/2023/texmf-dist/tex/latex/amsmath/amsgen.sty
File: amsgen.sty 1999/11/30 v2.0 generic functions
\@emptytoks=\toks19
\ex@=\dimen141
))
(/usr/local/texlive/2023/texmf-dist/tex/latex/amsmath/amsbsy.sty
Package: amsbsy 1999/11/29 v1.2d Bold Symbols
\pmbraise@=\dimen142
)
(/usr/local/texlive/2023/texmf-dist/tex/latex/amsmath/amsopn.sty
Package: amsopn 2022/04/08 v2.04 operator names
)
\inf@bad=\count194
LaTeX Info: Redefining \frac on input line 234.
\uproot@=\count195
\leftroot@=\count196
LaTeX Info: Redefining \overline on input line 399.
LaTeX Info: Redefining \colon on input line 410.
\classnum@=\count197
\DOTSCASE@=\count198
LaTeX Info: Redefining \ldots on input line 496.
LaTeX Info: Redefining \dots on input line 499.
LaTeX Info: Redefining \cdots on input line 620.
\Mathstrutbox@=\box51
\strutbox@=\box52
LaTeX Info: Redefining \big on input line 722.
LaTeX Info: Redefining \Big on input line 723.
LaTeX Info: Redefining \bigg on input line 724.
LaTeX Info: Redefining \Bigg on input line 725.
\big@size=\dimen143
LaTeX Font Info:    Redeclaring font encoding OML on input line 743.
LaTeX Font Info:    Redeclaring font encoding OMS on input line 744.
\macc@depth=\count199
LaTeX Info: Redefining \bmod on input line 905.
LaTeX Info: Redefining \pmod on input line 910.
LaTeX Info: Redefining \smash on input line 940.
LaTeX Info: Redefining \relbar on input line 970.
LaTeX Info: Redefining \Relbar on input line 971.
\c@MaxMatrixCols=\count266
\dotsspace@=\muskip16
\c@parentequation=\count267
\dspbrk@lvl=\count268
\tag@help=\toks20
\row@=\count269
\column@=\count270
\maxfields@=\count271
\andhelp@=\toks21
\eqnshift@=\dimen144
\alignsep@=\dimen145
\tagshift@=\dimen146
\tagwidth@=\dimen147
\totwidth@=\dimen148
\lineht@=\dimen149
\@envbody=\toks22
\multlinegap=\skip60
\multlinetaggap=\skip61
\mathdisplay@stack=\toks23
LaTeX Info: Redefining \[ on input line 2953.
LaTeX Info: Redefining \] on input line 2954.
)
(/usr/local/texlive/2023/texmf-dist/tex/latex/amsfonts/amssymb.sty
Package: amssymb 2013/01/14 v3.01 AMS font symbols
)
(/usr/local/texlive/2023/texmf-dist/tex/latex/graphics/graphics.sty
Package: graphics 2022/03/10 v1.4e Standard LaTeX Graphics (DPC,SPQR)

(/usr/local/texlive/2023/texmf-dist/tex/latex/graphics/trig.sty
Package: trig 2021/08/11 v1.11 sin cos tan (DPC)
)
(/usr/local/texlive/2023/texmf-dist/tex/latex/graphics-cfg/graphics.cfg
File: graphics.cfg 2016/06/04 v1.11 sample graphics configuration
)
Package graphics Info: Driver file: pdftex.def on input line 107.
)
(/usr/local/texlive/2023/texmf-dist/tex/latex/pdfpages/pdfpages.sty
Package: pdfpages 2022/12/19 v0.5x Insert pages of external PDF documents (AM)

(/usr/local/texlive/2023/texmf-dist/tex/latex/base/ifthen.sty
Package: ifthen 2022/04/13 v1.1d Standard LaTeX ifthen package (DPC)
)
(/usr/local/texlive/2023/texmf-dist/tex/latex/tools/calc.sty
Package: calc 2017/05/25 v4.3 Infix arithmetic (KKT,FJ)
\calc@Acount=\count272
\calc@Bcount=\count273
\calc@Adimen=\dimen150
\calc@Bdimen=\dimen151
\calc@Askip=\skip62
\calc@Bskip=\skip63
LaTeX Info: Redefining \setlength on input line 80.
LaTeX Info: Redefining \addtolength on input line 81.
\calc@Ccount=\count274
\calc@Cskip=\skip64
)
(/usr/local/texlive/2023/texmf-dist/tex/latex/eso-pic/eso-pic.sty
Package: eso-pic 2020/10/14 v3.0a eso-pic (RN)
\ESO@tempdima=\dimen152
\ESO@tempdimb=\dimen153

(/usr/local/texlive/2023/texmf-dist/tex/latex/graphics/keyval.sty
Package: keyval 2022/05/29 v1.15 key=value parser (DPC)
\KV@toks@=\toks24
))
(/usr/local/texlive/2023/texmf-dist/tex/latex/graphics/graphicx.sty
Package: graphicx 2021/09/16 v1.2d Enhanced LaTeX Graphics (DPC,SPQR)
\Gin@req@height=\dimen154
\Gin@req@width=\dimen155
)
\AM@pagewidth=\dimen156
\AM@pageheight=\dimen157
\AM@fboxrule=\dimen158

(/usr/local/texlive/2023/texmf-dist/tex/latex/pdfpages/pppdftex.def
File: pppdftex.def 2022/12/19 v0.5x Pdfpages driver for pdfTeX (AM)
)
\pdfpages@includegraphics@status=\count275
\AM@pagebox=\box53
\AM@global@opts=\toks25
\AM@pagecnt=\count276
\AM@toc@title=\toks26
\AM@lof@heading=\toks27
\c@AM@survey=\count277
\AM@templatesizebox=\box54
)
(/usr/local/texlive/2023/texmf-dist/tex/latex/base/makeidx.sty
Package: makeidx 2021/10/04 v1.0m Standard LaTeX package
)
\@indexfile=\write3
\openout3 = `book-abstracts.idx'.


Writing index file book-abstracts.idx
(/usr/local/texlive/2023/texmf-dist/tex/latex/hyperref/hyperref.sty
Package: hyperref 2023-02-07 v7.00v Hypertext links for LaTeX

(/usr/local/texlive/2023/texmf-dist/tex/generic/ltxcmds/ltxcmds.sty
Package: ltxcmds 2020-05-10 v1.25 LaTeX kernel commands for general use (HO)
)
(/usr/local/texlive/2023/texmf-dist/tex/generic/iftex/iftex.sty
Package: iftex 2022/02/03 v1.0f TeX engine tests
)
(/usr/local/texlive/2023/texmf-dist/tex/generic/pdftexcmds/pdftexcmds.sty
Package: pdftexcmds 2020-06-27 v0.33 Utility functions of pdfTeX for LuaTeX (HO
)

(/usr/local/texlive/2023/texmf-dist/tex/generic/infwarerr/infwarerr.sty
Package: infwarerr 2019/12/03 v1.5 Providing info/warning/error messages (HO)
)
Package pdftexcmds Info: \pdf@primitive is available.
Package pdftexcmds Info: \pdf@ifprimitive is available.
Package pdftexcmds Info: \pdfdraftmode found.
)
(/usr/local/texlive/2023/texmf-dist/tex/latex/kvsetkeys/kvsetkeys.sty
Package: kvsetkeys 2022-10-05 v1.19 Key value parser (HO)
)
(/usr/local/texlive/2023/texmf-dist/tex/generic/kvdefinekeys/kvdefinekeys.sty
Package: kvdefinekeys 2019-12-19 v1.6 Define keys (HO)
)
(/usr/local/texlive/2023/texmf-dist/tex/generic/pdfescape/pdfescape.sty
Package: pdfescape 2019/12/09 v1.15 Implements pdfTeX's escape features (HO)
)
(/usr/local/texlive/2023/texmf-dist/tex/latex/hycolor/hycolor.sty
Package: hycolor 2020-01-27 v1.10 Color options for hyperref/bookmark (HO)
)
(/usr/local/texlive/2023/texmf-dist/tex/latex/letltxmacro/letltxmacro.sty
Package: letltxmacro 2019/12/03 v1.6 Let assignment for LaTeX macros (HO)
)
(/usr/local/texlive/2023/texmf-dist/tex/latex/auxhook/auxhook.sty
Package: auxhook 2019-12-17 v1.6 Hooks for auxiliary files (HO)
)
(/usr/local/texlive/2023/texmf-dist/tex/latex/hyperref/nameref.sty
Package: nameref 2022-05-17 v2.50 Cross-referencing by name of section

(/usr/local/texlive/2023/texmf-dist/tex/latex/refcount/refcount.sty
Package: refcount 2019/12/15 v3.6 Data extraction from label references (HO)
)
(/usr/local/texlive/2023/texmf-dist/tex/generic/gettitlestring/gettitlestring.s
ty
Package: gettitlestring 2019/12/15 v1.6 Cleanup title references (HO)
 (/usr/local/texlive/2023/texmf-dist/tex/latex/kvoptions/kvoptions.sty
Package: kvoptions 2022-06-15 v3.15 Key value format for package options (HO)
))
\c@section@level=\count278
)
\@linkdim=\dimen159
\Hy@linkcounter=\count279
\Hy@pagecounter=\count280

(/usr/local/texlive/2023/texmf-dist/tex/latex/hyperref/pd1enc.def
File: pd1enc.def 2023-02-07 v7.00v Hyperref: PDFDocEncoding definition (HO)
Now handling font encoding PD1 ...
... no UTF-8 mapping file for font encoding PD1
)
(/usr/local/texlive/2023/texmf-dist/tex/generic/intcalc/intcalc.sty
Package: intcalc 2019/12/15 v1.3 Expandable calculations with integers (HO)
)
(/usr/local/texlive/2023/texmf-dist/tex/generic/etexcmds/etexcmds.sty
Package: etexcmds 2019/12/15 v1.7 Avoid name clashes with e-TeX commands (HO)
)
\Hy@SavedSpaceFactor=\count281

(/usr/local/texlive/2023/texmf-dist/tex/latex/hyperref/puenc.def
File: puenc.def 2023-02-07 v7.00v Hyperref: PDF Unicode definition (HO)
Now handling font encoding PU ...
... no UTF-8 mapping file for font encoding PU
)
Package hyperref Info: Option `unicode' set `true' on input line 4060.
Package hyperref Info: Option `hyperfootnotes' set `false' on input line 4060.
Package hyperref Info: Option `colorlinks' set `true' on input line 4060.
Package hyperref Info: Hyper figures OFF on input line 4177.
Package hyperref Info: Link nesting OFF on input line 4182.
Package hyperref Info: Hyper index ON on input line 4185.
Package hyperref Info: Plain pages OFF on input line 4192.
Package hyperref Info: Backreferencing OFF on input line 4197.
Package hyperref Info: Implicit mode ON; LaTeX internals redefined.
Package hyperref Info: Bookmarks ON on input line 4425.
\c@Hy@tempcnt=\count282

(/usr/local/texlive/2023/texmf-dist/tex/latex/url/url.sty
\Urlmuskip=\muskip17
Package: url 2013/09/16  ver 3.4  Verb mode for urls, etc.
)
LaTeX Info: Redefining \url on input line 4763.
\XeTeXLinkMargin=\dimen160

(/usr/local/texlive/2023/texmf-dist/tex/generic/bitset/bitset.sty
Package: bitset 2019/12/09 v1.3 Handle bit-vector datatype (HO)

(/usr/local/texlive/2023/texmf-dist/tex/generic/bigintcalc/bigintcalc.sty
Package: bigintcalc 2019/12/15 v1.5 Expandable calculations on big integers (HO
)
))
\Fld@menulength=\count283
\Field@Width=\dimen161
\Fld@charsize=\dimen162
Package hyperref Info: Hyper figures OFF on input line 6042.
Package hyperref Info: Link nesting OFF on input line 6047.
Package hyperref Info: Hyper index ON on input line 6050.
Package hyperref Info: backreferencing OFF on input line 6057.
Package hyperref Info: Link coloring ON on input line 6060.
Package hyperref Info: Link coloring with OCG OFF on input line 6067.
Package hyperref Info: PDF/A mode OFF on input line 6072.

(/usr/local/texlive/2023/texmf-dist/tex/latex/base/atbegshi-ltx.sty
Package: atbegshi-ltx 2021/01/10 v1.0c Emulation of the original atbegshi
package with kernel methods
)
\Hy@abspage=\count284
\c@Item=\count285
)
Package hyperref Info: Driver: hpdftex.

(/usr/local/texlive/2023/texmf-dist/tex/latex/hyperref/hpdftex.def
File: hpdftex.def 2023-02-07 v7.00v Hyperref driver for pdfTeX

(/usr/local/texlive/2023/texmf-dist/tex/latex/base/atveryend-ltx.sty
Package: atveryend-ltx 2020/08/19 v1.0a Emulation of the original atveryend pac
kage
with kernel methods
)
\Fld@listcount=\count286
\c@bookmark@seq@number=\count287

(/usr/local/texlive/2023/texmf-dist/tex/latex/rerunfilecheck/rerunfilecheck.sty
Package: rerunfilecheck 2022-07-10 v1.10 Rerun checks for auxiliary files (HO)

(/usr/local/texlive/2023/texmf-dist/tex/generic/uniquecounter/uniquecounter.sty
Package: uniquecounter 2019/12/15 v1.4 Provide unlimited unique counter (HO)
)
Package uniquecounter Info: New unique counter `rerunfilecheck' on input line 2
85.
)
\Hy@SectionHShift=\skip65
)
(/usr/local/texlive/2023/texmf-dist/tex/latex/l3backend/l3backend-pdftex.def
File: l3backend-pdftex.def 2023-01-16 L3 backend support: PDF output (pdfTeX)
\l__color_backend_stack_int=\count288
\l__pdf_internal_box=\box55
)
(./book-abstracts.aux)
\openout1 = `book-abstracts.aux'.

LaTeX Font Info:    Checking defaults for OML/cmm/m/it on input line 45.
LaTeX Font Info:    ... okay on input line 45.
LaTeX Font Info:    Checking defaults for OMS/cmsy/m/n on input line 45.
LaTeX Font Info:    ... okay on input line 45.
LaTeX Font Info:    Checking defaults for OT1/cmr/m/n on input line 45.
LaTeX Font Info:    ... okay on input line 45.
LaTeX Font Info:    Checking defaults for T1/cmr/m/n on input line 45.
LaTeX Font Info:    ... okay on input line 45.
LaTeX Font Info:    Checking defaults for TS1/cmr/m/n on input line 45.
LaTeX Font Info:    ... okay on input line 45.
LaTeX Font Info:    Checking defaults for OMX/cmex/m/n on input line 45.
LaTeX Font Info:    ... okay on input line 45.
LaTeX Font Info:    Checking defaults for U/cmr/m/n on input line 45.
LaTeX Font Info:    ... okay on input line 45.
LaTeX Font Info:    Checking defaults for PD1/pdf/m/n on input line 45.
LaTeX Font Info:    ... okay on input line 45.
LaTeX Font Info:    Checking defaults for PU/pdf/m/n on input line 45.
LaTeX Font Info:    ... okay on input line 45.

(/usr/local/texlive/2023/texmf-dist/tex/context/base/mkii/supp-pdf.mkii
[Loading MPS to PDF converter (version 2006.09.02).]
\scratchcounter=\count289
\scratchdimen=\dimen163
\scratchbox=\box56
\nofMPsegments=\count290
\nofMParguments=\count291
\everyMPshowfont=\toks28
\MPscratchCnt=\count292
\MPscratchDim=\dimen164
\MPnumerator=\count293
\makeMPintoPDFobject=\count294
\everyMPtoPDFconversion=\toks29
) (/usr/local/texlive/2023/texmf-dist/tex/latex/epstopdf-pkg/epstopdf-base.sty
Package: epstopdf-base 2020-01-24 v2.11 Base part for package epstopdf
Package epstopdf-base Info: Redefining graphics rule for `.eps' on input line 4
85.

(/usr/local/texlive/2023/texmf-dist/tex/latex/latexconfig/epstopdf-sys.cfg
File: epstopdf-sys.cfg 2010/07/13 v1.3 Configuration of (r)epstopdf for TeX Liv
e
))
(/usr/local/texlive/2023/texmf-dist/tex/latex/pdflscape/pdflscape.sty
Package: pdflscape 2022-10-27 v0.13 Display of landscape pages in PDF

(/usr/local/texlive/2023/texmf-dist/tex/latex/pdflscape/pdflscape-nometadata.st
y
Package: pdflscape-nometadata 2022-10-28 v0.13 Display of landscape pages in PD
F (HO)
 (/usr/local/texlive/2023/texmf-dist/tex/latex/graphics/lscape.sty
Package: lscape 2020/05/28 v3.02 Landscape Pages (DPC)
)
Package pdflscape Info: Auto-detected driver: pdftex on input line 81.
))
Package hyperref Info: Link coloring ON on input line 45.

(./book-abstracts.out) (./book-abstracts.out)
\@outlinefile=\write4
\openout4 = `book-abstracts.out'.



pdfTeX warning: /Library/TeX/texbin/pdflatex (file ./LOGO-RPHDM.pdf): PDF inclu
sion: found PDF version <1.6>, but at most version <1.5> allowed
<LOGO-RPHDM.pdf, id=24, 384.47337pt x 259.08495pt>
File: LOGO-RPHDM.pdf Graphic file (type pdf)
<use LOGO-RPHDM.pdf>
Package pdftex.def Info: LOGO-RPHDM.pdf  used on input line 52.
(pdftex.def)             Requested size: 192.2362pt x 129.54214pt.
LaTeX Font Info:    Trying to load font information for U+msa on input line 54.

(/usr/local/texlive/2023/texmf-dist/tex/latex/amsfonts/umsa.fd
File: umsa.fd 2013/01/14 v3.01 AMS symbols A
)
LaTeX Font Info:    Trying to load font information for U+msb on input line 54.


(/usr/local/texlive/2023/texmf-dist/tex/latex/amsfonts/umsb.fd
File: umsb.fd 2013/01/14 v3.01 AMS symbols B
)
Overfull \hbox (48.95358pt too wide) in paragraph at lines 50--69
[]$[]$ $[]$ 
 []


Underfull \hbox (badness 10000) in paragraph at lines 50--69

 []

[1

{/usr/local/texlive/2023/texmf-var/fonts/map/pdftex/updmap/pdftex.map} <./LOGO-
RPHDM.pdf>] [2] [3]

LaTeX Warning: File `logoCNRS.jpg' not found on input line 151.


./book-abstracts.tex:151: Package pdftex.def Error: File `logoCNRS.jpg' not fou
nd: using draft setting.

See the pdftex.def package documentation for explanation.
Type  H <return>  for immediate help.
 ...                                              
                                                  
l.151 \includegraphics[scale=.5]{logoCNRS.jpg}
                                              \hspace{2cm}\includegraphics[s...

? 

LaTeX Warning: File `CEA_GB_logotype.png' not found on input line 151.


./book-abstracts.tex:151: Package pdftex.def Error: File `CEA_GB_logotype.png' 
not found: using draft setting.

See the pdftex.def package documentation for explanation.
Type  H <return>  for immediate help.
 ...                                              
                                                  
l.151 ...degraphics[scale=.1]{CEA_GB_logotype.png}
                                                  \\
? 
[4{/usr/local/texlive/2023/texmf-dist/fonts/enc/dvips/cm-super/cm-super-ts1.enc
}] [5] (./book-abstracts.toc)
\tf@toc=\write5
\openout5 = `book-abstracts.toc'.

 [1

]

Package hyperref Warning: Token not allowed in a PDF string (Unicode):
(hyperref)                removing `\\' on input line 191.


Package hyperref Warning: Token not allowed in a PDF string (Unicode):
(hyperref)                removing `math shift' on input line 191.


Package hyperref Warning: Token not allowed in a PDF string (Unicode):
(hyperref)                removing `\@@underline' on input line 191.


Package hyperref Warning: Token not allowed in a PDF string (Unicode):
(hyperref)                removing `\hbox' on input line 191.


Package hyperref Warning: Token not allowed in a PDF string (Unicode):
(hyperref)                removing `\mathsurround' on input line 191.


Package hyperref Warning: Token not allowed in a PDF string (Unicode):
(hyperref)                removing `\z@' on input line 191.


Package hyperref Warning: Token not allowed in a PDF string (Unicode):
(hyperref)                removing `math shift' on input line 191.



pdfTeX warning: /Library/TeX/texbin/pdflatex (file ./RALCHENKO.pdf): PDF inclus
ion: found PDF version <1.6>, but at most version <1.5> allowed
<RALCHENKO.pdf, id=140, 597.55246pt x 845.07718pt>
File: RALCHENKO.pdf Graphic file (type pdf)
<use RALCHENKO.pdf>
Package pdftex.def Info: RALCHENKO.pdf  used on input line 192.
(pdftex.def)             Requested size: 597.551pt x 845.07512pt.


pdfTeX warning: /Library/TeX/texbin/pdflatex (file ./RALCHENKO.pdf): PDF inclus
ion: found PDF version <1.6>, but at most version <1.5> allowed
File: RALCHENKO.pdf Graphic file (type pdf)
<use RALCHENKO.pdf>
Package pdftex.def Info: RALCHENKO.pdf  used on input line 192.
(pdftex.def)             Requested size: 597.551pt x 845.07512pt.


pdfTeX warning: /Library/TeX/texbin/pdflatex (file ./RALCHENKO.pdf): PDF inclus
ion: found PDF version <1.6>, but at most version <1.5> allowed


pdfTeX warning: /Library/TeX/texbin/pdflatex (file ./RALCHENKO.pdf): PDF inclus
ion: found PDF version <1.6>, but at most version <1.5> allowed
<RALCHENKO.pdf, id=143, page=1, 597.55246pt x 845.07718pt>
File: RALCHENKO.pdf Graphic file (type pdf)
<use RALCHENKO.pdf, page 1>
Package pdftex.def Info: RALCHENKO.pdf , page1 used on input line 192.
(pdftex.def)             Requested size: 597.551pt x 845.07512pt.
File: RALCHENKO.pdf Graphic file (type pdf)
<use RALCHENKO.pdf, page 1>
Package pdftex.def Info: RALCHENKO.pdf , page1 used on input line 192.
(pdftex.def)             Requested size: 597.57834pt x 845.1138pt.

pdfTeX warning (ext4): destination with the same identifier (name{page.1}) has 
been already used, duplicate ignored
<to be read again> 
                   \relax 
l.192 ...ted}\index{Ralchenko Yu}}]{RALCHENKO.pdf}
                                                   [1

]
File: RALCHENKO.pdf Graphic file (type pdf)
<use RALCHENKO.pdf, page 1>
Package pdftex.def Info: RALCHENKO.pdf , page1 used on input line 192.
(pdftex.def)             Requested size: 597.57834pt x 845.1138pt.
File: RALCHENKO.pdf Graphic file (type pdf)
<use RALCHENKO.pdf, page 1>
Package pdftex.def Info: RALCHENKO.pdf , page1 used on input line 192.
(pdftex.def)             Requested size: 597.57834pt x 845.1138pt.

pdfTeX warning (ext4): destination with the same identifier (name{page.2}) has 
been already used, duplicate ignored
<to be read again> 
                   \relax 
l.192 ...ted}\index{Ralchenko Yu}}]{RALCHENKO.pdf}
                                                  
File: RALCHENKO.pdf Graphic file (type pdf)
<use RALCHENKO.pdf, page 1>
Package pdftex.def Info: RALCHENKO.pdf , page1 used on input line 192.
(pdftex.def)             Requested size: 597.57834pt x 845.1138pt.
 [2 <./RALCHENKO.pdf>]

Package hyperref Warning: Token not allowed in a PDF string (Unicode):
(hyperref)                removing `\\' on input line 195.


Package hyperref Warning: Token not allowed in a PDF string (Unicode):
(hyperref)                removing `math shift' on input line 195.


Package hyperref Warning: Token not allowed in a PDF string (Unicode):
(hyperref)                removing `\@@underline' on input line 195.


Package hyperref Warning: Token not allowed in a PDF string (Unicode):
(hyperref)                removing `\hbox' on input line 195.


Package hyperref Warning: Token not allowed in a PDF string (Unicode):
(hyperref)                removing `\mathsurround' on input line 195.


Package hyperref Warning: Token not allowed in a PDF string (Unicode):
(hyperref)                removing `\z@' on input line 195.


Package hyperref Warning: Token not allowed in a PDF string (Unicode):
(hyperref)                removing `math shift' on input line 195.



pdfTeX warning: /Library/TeX/texbin/pdflatex (file ./LOISEL.pdf): PDF inclusion
: found PDF version <1.7>, but at most version <1.5> allowed
<LOISEL.pdf, id=173, 597.55246pt x 845.07718pt>
File: LOISEL.pdf Graphic file (type pdf)
<use LOISEL.pdf>
Package pdftex.def Info: LOISEL.pdf  used on input line 196.
(pdftex.def)             Requested size: 597.551pt x 845.07512pt.


pdfTeX warning: /Library/TeX/texbin/pdflatex (file ./LOISEL.pdf): PDF inclusion
: found PDF version <1.7>, but at most version <1.5> allowed
File: LOISEL.pdf Graphic file (type pdf)
<use LOISEL.pdf>
Package pdftex.def Info: LOISEL.pdf  used on input line 196.
(pdftex.def)             Requested size: 597.551pt x 845.07512pt.


pdfTeX warning: /Library/TeX/texbin/pdflatex (file ./LOISEL.pdf): PDF inclusion
: found PDF version <1.7>, but at most version <1.5> allowed


pdfTeX warning: /Library/TeX/texbin/pdflatex (file ./LOISEL.pdf): PDF inclusion
: found PDF version <1.7>, but at most version <1.5> allowed
<LOISEL.pdf, id=176, page=1, 597.55246pt x 845.07718pt>
File: LOISEL.pdf Graphic file (type pdf)
<use LOISEL.pdf, page 1>
Package pdftex.def Info: LOISEL.pdf , page1 used on input line 196.
(pdftex.def)             Requested size: 597.551pt x 845.07512pt.
File: LOISEL.pdf Graphic file (type pdf)
<use LOISEL.pdf, page 1>
Package pdftex.def Info: LOISEL.pdf , page1 used on input line 196.
(pdftex.def)             Requested size: 597.57834pt x 845.1138pt.
File: LOISEL.pdf Graphic file (type pdf)
<use LOISEL.pdf, page 1>
Package pdftex.def Info: LOISEL.pdf , page1 used on input line 196.
(pdftex.def)             Requested size: 597.57834pt x 845.1138pt.
File: LOISEL.pdf Graphic file (type pdf)
<use LOISEL.pdf, page 1>
Package pdftex.def Info: LOISEL.pdf , page1 used on input line 196.
(pdftex.def)             Requested size: 597.57834pt x 845.1138pt.

pdfTeX warning (ext4): destination with the same identifier (name{page.3}) has 
been already used, duplicate ignored
<to be read again> 
                   \relax 
l.196 ...ge Invited}\index{Loisel G}}]{LOISEL.pdf}
                                                  
File: LOISEL.pdf Graphic file (type pdf)
<use LOISEL.pdf, page 1>
Package pdftex.def Info: LOISEL.pdf , page1 used on input line 196.
(pdftex.def)             Requested size: 597.57834pt x 845.1138pt.
 [3 <./LOISEL.pdf>]

Package hyperref Warning: Token not allowed in a PDF string (Unicode):
(hyperref)                removing `\\' on input line 199.


Package hyperref Warning: Token not allowed in a PDF string (Unicode):
(hyperref)                removing `math shift' on input line 199.


Package hyperref Warning: Token not allowed in a PDF string (Unicode):
(hyperref)                removing `\@@underline' on input line 199.


Package hyperref Warning: Token not allowed in a PDF string (Unicode):
(hyperref)                removing `\hbox' on input line 199.


Package hyperref Warning: Token not allowed in a PDF string (Unicode):
(hyperref)                removing `\mathsurround' on input line 199.


Package hyperref Warning: Token not allowed in a PDF string (Unicode):
(hyperref)                removing `\z@' on input line 199.


Package hyperref Warning: Token not allowed in a PDF string (Unicode):
(hyperref)                removing `math shift' on input line 199.



pdfTeX warning: /Library/TeX/texbin/pdflatex (file ./GUIRLET.pdf): PDF inclusio
n: found PDF version <1.7>, but at most version <1.5> allowed
<GUIRLET.pdf, id=208, 597.4822pt x 845.1575pt>
File: GUIRLET.pdf Graphic file (type pdf)
<use GUIRLET.pdf>
Package pdftex.def Info: GUIRLET.pdf  used on input line 200.
(pdftex.def)             Requested size: 597.48073pt x 845.15544pt.


pdfTeX warning: /Library/TeX/texbin/pdflatex (file ./GUIRLET.pdf): PDF inclusio
n: found PDF version <1.7>, but at most version <1.5> allowed
File: GUIRLET.pdf Graphic file (type pdf)
<use GUIRLET.pdf>
Package pdftex.def Info: GUIRLET.pdf  used on input line 200.
(pdftex.def)             Requested size: 597.48073pt x 845.15544pt.


pdfTeX warning: /Library/TeX/texbin/pdflatex (file ./GUIRLET.pdf): PDF inclusio
n: found PDF version <1.7>, but at most version <1.5> allowed


pdfTeX warning: /Library/TeX/texbin/pdflatex (file ./GUIRLET.pdf): PDF inclusio
n: found PDF version <1.7>, but at most version <1.5> allowed
<GUIRLET.pdf, id=211, page=1, 597.4822pt x 845.1575pt>
File: GUIRLET.pdf Graphic file (type pdf)
<use GUIRLET.pdf, page 1>
Package pdftex.def Info: GUIRLET.pdf , page1 used on input line 200.
(pdftex.def)             Requested size: 597.48073pt x 845.15544pt.
File: GUIRLET.pdf Graphic file (type pdf)
<use GUIRLET.pdf, page 1>
Package pdftex.def Info: GUIRLET.pdf , page1 used on input line 200.
(pdftex.def)             Requested size: 597.50807pt x 845.19412pt.
File: GUIRLET.pdf Graphic file (type pdf)
<use GUIRLET.pdf, page 1>
Package pdftex.def Info: GUIRLET.pdf , page1 used on input line 200.
(pdftex.def)             Requested size: 597.50807pt x 845.19412pt.
File: GUIRLET.pdf Graphic file (type pdf)
<use GUIRLET.pdf, page 1>
Package pdftex.def Info: GUIRLET.pdf , page1 used on input line 200.
(pdftex.def)             Requested size: 597.50807pt x 845.19412pt.

pdfTeX warning (ext4): destination with the same identifier (name{page.4}) has 
been already used, duplicate ignored
<to be read again> 
                   \relax 
l.200 ...let R}\index{Desgranges C}}]{GUIRLET.pdf}
                                                  
File: GUIRLET.pdf Graphic file (type pdf)
<use GUIRLET.pdf, page 1>
Package pdftex.def Info: GUIRLET.pdf , page1 used on input line 200.
(pdftex.def)             Requested size: 597.50807pt x 845.19412pt.
 [4 <./GUIRLET.pdf>]

Package hyperref Warning: Token not allowed in a PDF string (Unicode):
(hyperref)                removing `\\' on input line 204.


Package hyperref Warning: Token not allowed in a PDF string (Unicode):
(hyperref)                removing `math shift' on input line 204.


Package hyperref Warning: Token not allowed in a PDF string (Unicode):
(hyperref)                removing `\@@underline' on input line 204.


Package hyperref Warning: Token not allowed in a PDF string (Unicode):
(hyperref)                removing `\hbox' on input line 204.


Package hyperref Warning: Token not allowed in a PDF string (Unicode):
(hyperref)                removing `\mathsurround' on input line 204.


Package hyperref Warning: Token not allowed in a PDF string (Unicode):
(hyperref)                removing `\z@' on input line 204.


Package hyperref Warning: Token not allowed in a PDF string (Unicode):
(hyperref)                removing `math shift' on input line 204.

<SHEPHERD.pdf, id=241, 614.295pt x 794.97pt>
File: SHEPHERD.pdf Graphic file (type pdf)
<use SHEPHERD.pdf>
Package pdftex.def Info: SHEPHERD.pdf  used on input line 205.
(pdftex.def)             Requested size: 614.29349pt x 794.96806pt.
File: SHEPHERD.pdf Graphic file (type pdf)
<use SHEPHERD.pdf>
Package pdftex.def Info: SHEPHERD.pdf  used on input line 205.
(pdftex.def)             Requested size: 614.29349pt x 794.96806pt.
<SHEPHERD.pdf, id=244, page=1, 614.295pt x 794.97pt>
File: SHEPHERD.pdf Graphic file (type pdf)
<use SHEPHERD.pdf, page 1>
Package pdftex.def Info: SHEPHERD.pdf , page1 used on input line 205.
(pdftex.def)             Requested size: 614.29349pt x 794.96806pt.
File: SHEPHERD.pdf Graphic file (type pdf)
<use SHEPHERD.pdf, page 1>
Package pdftex.def Info: SHEPHERD.pdf , page1 used on input line 205.
(pdftex.def)             Requested size: 597.78697pt x 773.60669pt.
File: SHEPHERD.pdf Graphic file (type pdf)
<use SHEPHERD.pdf, page 1>
Package pdftex.def Info: SHEPHERD.pdf , page1 used on input line 205.
(pdftex.def)             Requested size: 597.78697pt x 773.60669pt.
File: SHEPHERD.pdf Graphic file (type pdf)
<use SHEPHERD.pdf, page 1>
Package pdftex.def Info: SHEPHERD.pdf , page1 used on input line 205.
(pdftex.def)             Requested size: 597.78697pt x 773.60669pt.

pdfTeX warning (ext4): destination with the same identifier (name{page.5}) has 
been already used, duplicate ignored
<to be read again> 
                   \relax 
l.205 ...x{Shepherd R}\index{Le H}}]{SHEPHERD.pdf}
                                                  
File: SHEPHERD.pdf Graphic file (type pdf)
<use SHEPHERD.pdf, page 1>
Package pdftex.def Info: SHEPHERD.pdf , page1 used on input line 205.
(pdftex.def)             Requested size: 597.78697pt x 773.60669pt.
 [5 <./SHEPHERD.pdf>]
[6


] [7

] (./book-abstracts.aux)

Package rerunfilecheck Warning: File `book-abstracts.out' has changed.
(rerunfilecheck)                Rerun to get outlines right
(rerunfilecheck)                or use package `bookmark'.

Package rerunfilecheck Info: Checksums for `book-abstracts.out':
(rerunfilecheck)             Before: 932AFECC9C12792D93760C65FCC364AB;2392
(rerunfilecheck)             After:  7AB3823CB4C7FB45D22789E1CAE26E35;2499.
 ) 
Here is how much of TeX's memory you used:
 10727 strings out of 476025
 170315 string characters out of 5790017
 1854388 words of memory out of 5000000
 30981 multiletter control sequences out of 15000+600000
 519914 words of font info for 60 fonts, out of 8000000 for 9000
 1141 hyphenation exceptions out of 8191
 75i,17n,76p,825b,567s stack positions out of 10000i,1000n,20000p,200000b,200000s
</usr/local/texlive/2023/texmf-dist/fonts/type1/public/amsfonts/cm/cmbx10.pfb
></usr/local/texlive/2023/texmf-dist/fonts/type1/public/amsfonts/cm/cmbx12.pfb>
</usr/local/texlive/2023/texmf-dist/fonts/type1/public/amsfonts/cm/cmr10.pfb></
usr/local/texlive/2023/texmf-dist/fonts/type1/public/amsfonts/cm/cmsy10.pfb></u
sr/local/texlive/2023/texmf-dist/fonts/type1/public/amsfonts/cm/cmti10.pfb></us
r/local/texlive/2023/texmf-dist/fonts/type1/public/amsfonts/cm/cmtt10.pfb></usr
/local/texlive/2023/texmf-dist/fonts/type1/public/cm-super/sfrm1095.pfb>
Output written on book-abstracts.pdf (13 pages, 828978 bytes).
PDF statistics:
 358 PDF objects out of 1000 (max. 8388607)
 241 compressed objects within 3 object streams
 17 named destinations out of 1000 (max. 500000)
 126 words of extra memory for PDF output out of 10000 (max. 10000000)

